<?xml version="1.0" encoding="UTF-8"?>
<coverage generated="1768890321322" clover="3.2.0">
  <project timestamp="1768890321322" name="All files">
    <metrics statements="41" coveredstatements="41" conditionals="8" coveredconditionals="6" methods="14" coveredmethods="14" elements="63" coveredelements="61" complexity="0" loc="41" ncloc="41" packages="1" files="1" classes="1"/>
    <file name="reset_usage.ts" path="C:\Users\owner\AntiGravity\ai-english\backend\db\usage\reset_usage.ts">
      <metrics statements="41" coveredstatements="41" conditionals="8" coveredconditionals="6" methods="14" coveredmethods="14"/>
      <line num="5" count="1" type="stmt"/>
      <line num="6" count="2" type="stmt"/>
      <line num="7" count="2" type="stmt"/>
      <line num="8" count="2" type="stmt"/>
      <line num="9" count="2" type="stmt"/>
      <line num="10" count="1" type="stmt"/>
      <line num="12" count="1" type="stmt"/>
      <line num="15" count="1" type="stmt"/>
      <line num="20" count="4" type="stmt"/>
      <line num="23" count="4" type="stmt"/>
      <line num="27" count="4" type="stmt"/>
      <line num="28" count="4" type="stmt"/>
      <line num="29" count="12" type="stmt"/>
      <line num="30" count="20" type="stmt"/>
      <line num="34" count="4" type="stmt"/>
      <line num="35" count="4" type="stmt"/>
      <line num="37" count="4" type="stmt"/>
      <line num="46" count="4" type="stmt"/>
      <line num="47" count="4" type="stmt"/>
      <line num="48" count="4" type="stmt"/>
      <line num="51" count="4" type="stmt"/>
      <line num="52" count="109" type="stmt"/>
      <line num="59" count="109" type="stmt"/>
      <line num="60" count="327" type="stmt"/>
      <line num="61" count="545" type="stmt"/>
      <line num="62" count="763" type="stmt"/>
      <line num="63" count="981" type="stmt"/>
      <line num="64" count="1199" type="stmt"/>
      <line num="67" count="109" type="cond" truecount="0" falsecount="1"/>
      <line num="68" count="109" type="cond" truecount="0" falsecount="1"/>
      <line num="69" count="109" type="cond" truecount="1" falsecount="0"/>
      <line num="70" count="58" type="cond" truecount="1" falsecount="0"/>
      <line num="71" count="47" type="cond" truecount="1" falsecount="0"/>
      <line num="72" count="35" type="stmt"/>
      <line num="76" count="4" type="stmt"/>
      <line num="77" count="109" type="stmt"/>
      <line num="78" count="109" type="cond" truecount="2" falsecount="0"/>
      <line num="79" count="51" type="stmt"/>
      <line num="81" count="58" type="stmt"/>
      <line num="83" count="109" type="cond" truecount="1" falsecount="0"/>
      <line num="88" count="4" type="stmt"/>
    </file>
  </project>
</coverage>
