{"C:\\Users\\owner\\AntiGravity\\ai-english\\backend\\db\\usage\\reset_usage.ts": {"path":"C:\\Users\\owner\\AntiGravity\\ai-english\\backend\\db\\usage\\reset_usage.ts","statementMap":{"0":{"start":{"line":5,"column":23},"end":{"line":14,"column":3}},"1":{"start":{"line":6,"column":16},"end":{"line":6,"column":26}},"2":{"start":{"line":7,"column":17},"end":{"line":7,"column":39}},"3":{"start":{"line":8,"column":15},"end":{"line":8,"column":45}},"4":{"start":{"line":9,"column":4},"end":{"line":13,"column":11}},"5":{"start":{"line":10,"column":6},"end":{"line":10,"column":92}},"6":{"start":{"line":10,"column":12},"end":{"line":10,"column":58}},"7":{"start":{"line":10,"column":73},"end":{"line":10,"column":90}},"8":{"start":{"line":12,"column":6},"end":{"line":12,"column":21}},"9":{"start":{"line":15,"column":2},"end":{"line":15,"column":17}},"10":{"start":{"line":20,"column":13},"end":{"line":20,"column":43}},"11":{"start":{"line":23,"column":14},"end":{"line":26,"column":4}},"12":{"start":{"line":27,"column":16},"end":{"line":27,"column":39}},"13":{"start":{"line":28,"column":12},"end":{"line":28,"column":61}},"14":{"start":{"line":28,"column":35},"end":{"line":28,"column":52}},"15":{"start":{"line":29,"column":12},"end":{"line":29,"column":62}},"16":{"start":{"line":29,"column":35},"end":{"line":29,"column":53}},"17":{"start":{"line":30,"column":12},"end":{"line":30,"column":60}},"18":{"start":{"line":30,"column":35},"end":{"line":30,"column":51}},"19":{"start":{"line":34,"column":19},"end":{"line":34,"column":50}},"20":{"start":{"line":35,"column":2},"end":{"line":35,"column":49}},"21":{"start":{"line":37,"column":22},"end":{"line":42,"column":4}},"22":{"start":{"line":46,"column":15},"end":{"line":46,"column":29}},"23":{"start":{"line":47,"column":11},"end":{"line":47,"column":15}},"24":{"start":{"line":48,"column":11},"end":{"line":48,"column":31}},"25":{"start":{"line":51,"column":24},"end":{"line":73,"column":3}},"26":{"start":{"line":52,"column":15},"end":{"line":57,"column":33}},"27":{"start":{"line":59,"column":15},"end":{"line":59,"column":61}},"28":{"start":{"line":59,"column":35},"end":{"line":59,"column":52}},"29":{"start":{"line":60,"column":15},"end":{"line":60,"column":62}},"30":{"start":{"line":60,"column":35},"end":{"line":60,"column":53}},"31":{"start":{"line":61,"column":15},"end":{"line":61,"column":60}},"32":{"start":{"line":61,"column":35},"end":{"line":61,"column":51}},"33":{"start":{"line":62,"column":15},"end":{"line":62,"column":61}},"34":{"start":{"line":62,"column":35},"end":{"line":62,"column":52}},"35":{"start":{"line":63,"column":15},"end":{"line":63,"column":63}},"36":{"start":{"line":63,"column":35},"end":{"line":63,"column":54}},"37":{"start":{"line":64,"column":15},"end":{"line":64,"column":63}},"38":{"start":{"line":64,"column":35},"end":{"line":64,"column":54}},"39":{"start":{"line":67,"column":4},"end":{"line":67,"column":56}},"40":{"start":{"line":67,"column":30},"end":{"line":67,"column":56}},"41":{"start":{"line":68,"column":4},"end":{"line":68,"column":56}},"42":{"start":{"line":68,"column":30},"end":{"line":68,"column":56}},"43":{"start":{"line":69,"column":4},"end":{"line":69,"column":56}},"44":{"start":{"line":69,"column":30},"end":{"line":69,"column":56}},"45":{"start":{"line":70,"column":4},"end":{"line":70,"column":58}},"46":{"start":{"line":70,"column":31},"end":{"line":70,"column":58}},"47":{"start":{"line":71,"column":4},"end":{"line":71,"column":58}},"48":{"start":{"line":71,"column":31},"end":{"line":71,"column":58}},"49":{"start":{"line":72,"column":4},"end":{"line":72,"column":31}},"50":{"start":{"line":76,"column":2},"end":{"line":84,"column":3}},"51":{"start":{"line":76,"column":15},"end":{"line":76,"column":16}},"52":{"start":{"line":77,"column":16},"end":{"line":77,"column":41}},"53":{"start":{"line":78,"column":4},"end":{"line":82,"column":5}},"54":{"start":{"line":79,"column":6},"end":{"line":79,"column":19}},"55":{"start":{"line":81,"column":6},"end":{"line":81,"column":19}},"56":{"start":{"line":83,"column":4},"end":{"line":83,"column":23}},"57":{"start":{"line":83,"column":17},"end":{"line":83,"column":23}},"58":{"start":{"line":88,"column":2},"end":{"line":88,"column":22}}},"fnMap":{"0":{"name":"SetScheduleResetUsageDB","decl":{"start":{"line":3,"column":16},"end":{"line":3,"column":39}},"loc":{"start":{"line":3,"column":39},"end":{"line":16,"column":1}}},"1":{"name":"(anonymous_1)","decl":{"start":{"line":5,"column":23},"end":{"line":5,"column":26}},"loc":{"start":{"line":5,"column":28},"end":{"line":14,"column":3}}},"2":{"name":"(anonymous_2)","decl":{"start":{"line":9,"column":15},"end":{"line":9,"column":20}},"loc":{"start":{"line":9,"column":26},"end":{"line":13,"column":5}}},"3":{"name":"nextMidnightInPST","decl":{"start":{"line":18,"column":16},"end":{"line":18,"column":33}},"loc":{"start":{"line":18,"column":44},"end":{"line":89,"column":1}}},"4":{"name":"(anonymous_4)","decl":{"start":{"line":28,"column":30},"end":{"line":28,"column":31}},"loc":{"start":{"line":28,"column":35},"end":{"line":28,"column":52}}},"5":{"name":"(anonymous_5)","decl":{"start":{"line":29,"column":30},"end":{"line":29,"column":31}},"loc":{"start":{"line":29,"column":35},"end":{"line":29,"column":53}}},"6":{"name":"(anonymous_6)","decl":{"start":{"line":30,"column":30},"end":{"line":30,"column":31}},"loc":{"start":{"line":30,"column":35},"end":{"line":30,"column":51}}},"7":{"name":"(anonymous_7)","decl":{"start":{"line":51,"column":24},"end":{"line":51,"column":25}},"loc":{"start":{"line":51,"column":38},"end":{"line":73,"column":3}}},"8":{"name":"(anonymous_8)","decl":{"start":{"line":59,"column":30},"end":{"line":59,"column":31}},"loc":{"start":{"line":59,"column":35},"end":{"line":59,"column":52}}},"9":{"name":"(anonymous_9)","decl":{"start":{"line":60,"column":30},"end":{"line":60,"column":31}},"loc":{"start":{"line":60,"column":35},"end":{"line":60,"column":53}}},"10":{"name":"(anonymous_10)","decl":{"start":{"line":61,"column":30},"end":{"line":61,"column":31}},"loc":{"start":{"line":61,"column":35},"end":{"line":61,"column":51}}},"11":{"name":"(anonymous_11)","decl":{"start":{"line":62,"column":30},"end":{"line":62,"column":31}},"loc":{"start":{"line":62,"column":35},"end":{"line":62,"column":52}}},"12":{"name":"(anonymous_12)","decl":{"start":{"line":63,"column":30},"end":{"line":63,"column":31}},"loc":{"start":{"line":63,"column":35},"end":{"line":63,"column":54}}},"13":{"name":"(anonymous_13)","decl":{"start":{"line":64,"column":30},"end":{"line":64,"column":31}},"loc":{"start":{"line":64,"column":35},"end":{"line":64,"column":54}}}},"branchMap":{"0":{"loc":{"start":{"line":67,"column":4},"end":{"line":67,"column":56}},"type":"if","locations":[{"start":{"line":67,"column":4},"end":{"line":67,"column":56}}]},"1":{"loc":{"start":{"line":68,"column":4},"end":{"line":68,"column":56}},"type":"if","locations":[{"start":{"line":68,"column":4},"end":{"line":68,"column":56}}]},"2":{"loc":{"start":{"line":69,"column":4},"end":{"line":69,"column":56}},"type":"if","locations":[{"start":{"line":69,"column":4},"end":{"line":69,"column":56}}]},"3":{"loc":{"start":{"line":70,"column":4},"end":{"line":70,"column":58}},"type":"if","locations":[{"start":{"line":70,"column":4},"end":{"line":70,"column":58}}]},"4":{"loc":{"start":{"line":71,"column":4},"end":{"line":71,"column":58}},"type":"if","locations":[{"start":{"line":71,"column":4},"end":{"line":71,"column":58}}]},"5":{"loc":{"start":{"line":78,"column":4},"end":{"line":82,"column":5}},"type":"if","locations":[{"start":{"line":78,"column":4},"end":{"line":82,"column":5}},{"start":{"line":80,"column":11},"end":{"line":82,"column":5}}]},"6":{"loc":{"start":{"line":83,"column":4},"end":{"line":83,"column":23}},"type":"if","locations":[{"start":{"line":83,"column":4},"end":{"line":83,"column":23}}]}},"s":{"0":1,"1":2,"2":2,"3":2,"4":2,"5":1,"6":1,"7":0,"8":1,"9":1,"10":4,"11":4,"12":4,"13":4,"14":4,"15":4,"16":12,"17":4,"18":20,"19":4,"20":4,"21":4,"22":4,"23":4,"24":4,"25":4,"26":109,"27":109,"28":109,"29":109,"30":327,"31":109,"32":545,"33":109,"34":763,"35":109,"36":981,"37":109,"38":1199,"39":109,"40":0,"41":109,"42":0,"43":109,"44":51,"45":58,"46":11,"47":47,"48":12,"49":35,"50":4,"51":4,"52":109,"53":109,"54":51,"55":58,"56":109,"57":4,"58":4},"f":{"0":1,"1":2,"2":1,"3":4,"4":4,"5":12,"6":20,"7":109,"8":109,"9":327,"10":545,"11":763,"12":981,"13":1199},"b":{"0":[0],"1":[0],"2":[51],"3":[11],"4":[12],"5":[51,58],"6":[4]}}
}
