TN:
SF:db\usage\reset_usage.ts
FN:3,SetScheduleResetUsageDB
FN:5,(anonymous_1)
FN:9,(anonymous_2)
FN:18,nextMidnightInPST
FN:28,(anonymous_4)
FN:29,(anonymous_5)
FN:30,(anonymous_6)
FN:51,(anonymous_7)
FN:59,(anonymous_8)
FN:60,(anonymous_9)
FN:61,(anonymous_10)
FN:62,(anonymous_11)
FN:63,(anonymous_12)
FN:64,(anonymous_13)
FNF:14
FNH:14
FNDA:1,SetScheduleResetUsageDB
FNDA:2,(anonymous_1)
FNDA:1,(anonymous_2)
FNDA:4,nextMidnightInPST
FNDA:4,(anonymous_4)
FNDA:12,(anonymous_5)
FNDA:20,(anonymous_6)
FNDA:109,(anonymous_7)
FNDA:109,(anonymous_8)
FNDA:327,(anonymous_9)
FNDA:545,(anonymous_10)
FNDA:763,(anonymous_11)
FNDA:981,(anonymous_12)
FNDA:1199,(anonymous_13)
DA:5,1
DA:6,2
DA:7,2
DA:8,2
DA:9,2
DA:10,1
DA:12,1
DA:15,1
DA:20,4
DA:23,4
DA:27,4
DA:28,4
DA:29,12
DA:30,20
DA:34,4
DA:35,4
DA:37,4
DA:46,4
DA:47,4
DA:48,4
DA:51,4
DA:52,109
DA:59,109
DA:60,327
DA:61,545
DA:62,763
DA:63,981
DA:64,1199
DA:67,109
DA:68,109
DA:69,109
DA:70,58
DA:71,47
DA:72,35
DA:76,4
DA:77,109
DA:78,109
DA:79,51
DA:81,58
DA:83,109
DA:88,4
LF:41
LH:41
BRDA:67,0,0,0
BRDA:68,1,0,0
BRDA:69,2,0,51
BRDA:70,3,0,11
BRDA:71,4,0,12
BRDA:78,5,0,51
BRDA:78,5,1,58
BRDA:83,6,0,4
BRF:8
BRH:6
end_of_record
